Added Component: Designator=U3(SSOP-16)
Add component (AddParameter): Name = "5V Tolerant I/O"; Value = "Yes"; VariantName = "[No Variations]"
Add component (AddParameter): Name = "# of I/Os"; Value = "8"; VariantName = "[No Variations]"
Add component (AddParameter): Name = "Channel Width"; Value = ""; VariantName = "[No Variations]"
Add component (AddParameter): Name = "Code_JEDEC"; Value = "MO-150"; VariantName = "[No Variations]"
Add component (AddParameter): Name = "ComponentLink1Description"; Value = "Datasheet"; VariantName = "[No Variations]"
Add component (AddParameter): Name = "ComponentLink1URL"; Value = "http://www.ti.com/general/docs/lit/getliterature.tsp?genericPartNumber=PCA9554&fileType=pdf"; VariantName = "[No Variations]"
Add component (AddParameter): Name = "ComponentLink2Description"; Value = "Package Specification"; VariantName = "[No Variations]"
Add component (AddParameter): Name = "ComponentLink2URL"; Value = "http://www.ti.com/litv/pdf/msso002e"; VariantName = "[No Variations]"
Add component (AddParameter): Name = "Configuration Registers"; Value = "Yes"; VariantName = "[No Variations]"
Add component (AddParameter): Name = "DatasheetVersion"; Value = "SCPS128B"; VariantName = "[No Variations]"
Add component (AddParameter): Name = "Eco-Plan"; Value = "Green (RoHS & no Sb/Br)"; VariantName = "[No Variations]"
Add component (AddParameter): Name = "Enable Pin"; Value = ""; VariantName = "[No Variations]"
Add component (AddParameter): Name = "EXP Pin"; Value = ""; VariantName = "[No Variations]"
Add component (AddParameter): Name = "fSCLK(Max)(MHz)"; Value = "400"; VariantName = "[No Variations]"
Add component (AddParameter): Name = "Function"; Value = ""; VariantName = "[No Variations]"
Add component (AddParameter): Name = "I2C Address"; Value = "0100 xxx"; VariantName = "[No Variations]"
Add component (AddParameter): Name = "Interrupt Output"; Value = "Yes"; VariantName = "[No Variations]"
Add component (AddParameter): Name = "Low Power"; Value = ""; VariantName = "[No Variations]"
Add component (AddParameter): Name = "Manufacturer"; Value = "Texas Instruments"; VariantName = "[No Variations]"
Add component (AddParameter): Name = "Master Side I2C Bus Capacitance Supported(pF)"; Value = ""; VariantName = "[No Variations]"
Add component (AddParameter): Name = "Max Frequency(kHz)"; Value = "400"; VariantName = "[No Variations]"
Add component (AddParameter): Name = "Mounting Technology"; Value = "Surface Mount"; VariantName = "[No Variations]"
Add component (AddParameter): Name = "No. of Outputs"; Value = "8"; VariantName = "[No Variations]"
Add component (AddParameter): Name = "On-Chip Power-on-Reset"; Value = ""; VariantName = "[No Variations]"
Add component (AddParameter): Name = "Open Drain I/O Type"; Value = ""; VariantName = "[No Variations]"
Add component (AddParameter): Name = "PackageDescription"; Value = "16-Pin Plastic Small Outline Package, 6.2 x 5.3 mm Body, 0.65 mm Pitch"; VariantName = "[No Variations]"
Add component (AddParameter): Name = "PackageReference"; Value = "DB0016A"; VariantName = "[No Variations]"
Add component (AddParameter): Name = "PackageVersion"; Value = "revE, Dec-2001"; VariantName = "[No Variations]"
Add component (AddParameter): Name = "PartNumber"; Value = "PCA9554DBR"; VariantName = "[No Variations]"
Add component (AddParameter): Name = "Push-Pull I/O Type"; Value = "Yes"; VariantName = "[No Variations]"
Add component (AddParameter): Name = "Rating"; Value = ""; VariantName = "[No Variations]"
Add component (AddParameter): Name = "Reset Input"; Value = ""; VariantName = "[No Variations]"
Add component (AddParameter): Name = "Simultaneously Active Channels"; Value = ""; VariantName = "[No Variations]"
Add component (AddParameter): Name = "Slave Side I2C Bus Capacitance Supported(pF)"; Value = ""; VariantName = "[No Variations]"
Add component (AddParameter): Name = "SubFamily"; Value = "I2C IO Expander"; VariantName = "[No Variations]"
Add component (AddParameter): Name = "Technology Family"; Value = "PCA"; VariantName = "[No Variations]"
Add component (AddParameter): Name = "tpd max(ns)"; Value = ""; VariantName = "[No Variations]"
Add component (AddParameter): Name = "Vcc range(V)"; Value = "2.3 to 5.5"; VariantName = "[No Variations]"
Add component (AddParameter): Name = "VCC(Max)(V)"; Value = "5.5"; VariantName = "[No Variations]"
Add component (AddParameter): Name = "VCC(Min)(V)"; Value = "2.3"; VariantName = "[No Variations]"
Add component (AddParameter): Name = "Voltage Nodes(V)"; Value = ""; VariantName = "[No Variations]"
Added Pin To Net: NetName=GND Pin=U3-1
Added Pin To Net: NetName=GND Pin=U3-2
Added Pin To Net: NetName=GND Pin=U3-3
Added Pin To Net: NetName=NetU3_4 Pin=U3-4
Added Pin To Net: NetName=NetU3_5 Pin=U3-5
Added Pin To Net: NetName=NetU3_6 Pin=U3-6
Added Pin To Net: NetName=NetU3_7 Pin=U3-7
Added Pin To Net: NetName=GND Pin=U3-8
Added Pin To Net: NetName=NetU3_9 Pin=U3-9
Added Pin To Net: NetName=NetU3_10 Pin=U3-10
Added Pin To Net: NetName=NetC4_2 Pin=U3-11
Added Pin To Net: NetName=NetC5_2 Pin=U3-12
Added Pin To Net: NetName=I2C_SCL Pin=U3-14
Added Pin To Net: NetName=I2C_SDA Pin=U3-15
Added Pin To Net: NetName=3V3 Pin=U3-16
Added Member To Class: ClassName=WallBaseBoard Member=Component U3 PCA9554DBR
